<?xml version="1.0" encoding="UTF-8"?>
<!-- Generated by org.testng.reporters.JUnitReportReporter -->
<testsuite hostname="DESKTOP-LH6HQJ9" failures="0" tests="1" name="basic.BabaSexTest" time="0.014" errors="0" timestamp="2024-03-03T15:27:59 IST" skipped="0">
  <testcase classname="basic.BabaSexTest" name="demoTest" time="0.014"/>
</testsuite> <!-- basic.BabaSexTest -->
